{
  "stats": {
    "suites": 2,
    "tests": 9,
    "passes": 9,
    "pending": 0,
    "failures": 0,
    "start": "2021-05-27T10:45:19.679Z",
    "end": "2021-05-27T10:45:54.914Z",
    "duration": 6459,
    "testsRegistered": 9,
    "passPercent": 100,
    "pendingPercent": 0,
    "other": 0,
    "hasOther": false,
    "skipped": 0,
    "hasSkipped": false
  },
  "results": [
    {
      "uuid": "51ca1934-a574-4a97-8f34-313f763acc5d",
      "title": "",
      "fullFile": "cypress/integration/test-backend.spec.js",
      "file": "cypress/integration/test-backend.spec.js",
      "beforeHooks": [],
      "afterHooks": [],
      "tests": [],
      "suites": [
        {
          "uuid": "da7d8e13-1c19-4fdc-a47f-ec5d82d57309",
          "title": "Test suite",
          "fullFile": "",
          "file": "",
          "beforeHooks": [],
          "afterHooks": [],
          "tests": [
            {
              "title": "Perform create a new bill",
              "fullTitle": "Test suite Perform create a new bill",
              "timedOut": null,
              "duration": 720,
              "state": "passed",
              "speed": "slow",
              "pass": true,
              "fail": false,
              "pending": false,
              "context": null,
              "code": "cy.authenticate().then(response => {\n  bill.createBillRequest();\n  bill.performLogout();\n});",
              "err": {},
              "uuid": "5aab7d01-d966-48be-8ae7-c17249649414",
              "parentUUID": "da7d8e13-1c19-4fdc-a47f-ec5d82d57309",
              "isHook": false,
              "skipped": false
            },
            {
              "title": "Perform edit last bill",
              "fullTitle": "Test suite Perform edit last bill",
              "timedOut": null,
              "duration": 637,
              "state": "passed",
              "speed": "slow",
              "pass": true,
              "fail": false,
              "pending": false,
              "context": null,
              "code": "cy.authenticate().then(response => {\n  bill.editBillRequest(Cypress.env().lastID);\n  bill.performLogout();\n});",
              "err": {},
              "uuid": "b089ea09-adbc-4533-ab0e-53290e9dd296",
              "parentUUID": "da7d8e13-1c19-4fdc-a47f-ec5d82d57309",
              "isHook": false,
              "skipped": false
            },
            {
              "title": "Perform delete last bill",
              "fullTitle": "Test suite Perform delete last bill",
              "timedOut": null,
              "duration": 675,
              "state": "passed",
              "speed": "slow",
              "pass": true,
              "fail": false,
              "pending": false,
              "context": null,
              "code": "cy.authenticate().then(response => {\n  bill.createBillRequest();\n  bill.deleteBillRequest(Cypress.env().lastID);\n  bill.performLogout();\n});",
              "err": {},
              "uuid": "6af936ee-ad9a-4cd2-a90c-df8f8cb5a347",
              "parentUUID": "da7d8e13-1c19-4fdc-a47f-ec5d82d57309",
              "isHook": false,
              "skipped": false
            },
            {
              "title": "Perform create a new reservation",
              "fullTitle": "Test suite Perform create a new reservation",
              "timedOut": null,
              "duration": 646,
              "state": "passed",
              "speed": "slow",
              "pass": true,
              "fail": false,
              "pending": false,
              "context": null,
              "code": "cy.authenticate().then(response => {\n  reser.createReserRequest();\n  reser.performLogout();\n});",
              "err": {},
              "uuid": "7acc6e50-7523-4dc7-ac76-a3b526c751bb",
              "parentUUID": "da7d8e13-1c19-4fdc-a47f-ec5d82d57309",
              "isHook": false,
              "skipped": false
            },
            {
              "title": "Perform edit last reservation",
              "fullTitle": "Test suite Perform edit last reservation",
              "timedOut": null,
              "duration": 1106,
              "state": "passed",
              "speed": "slow",
              "pass": true,
              "fail": false,
              "pending": false,
              "context": null,
              "code": "cy.authenticate().then(response => {\n  reser.createReserRequest();\n  reser.editReserRequest(Cypress.env().lastID);\n  reser.performLogout();\n});",
              "err": {},
              "uuid": "867f24cd-16b6-4db5-bdcf-2f16fb998ddb",
              "parentUUID": "da7d8e13-1c19-4fdc-a47f-ec5d82d57309",
              "isHook": false,
              "skipped": false
            },
            {
              "title": "Perform delete last reservation",
              "fullTitle": "Test suite Perform delete last reservation",
              "timedOut": null,
              "duration": 682,
              "state": "passed",
              "speed": "slow",
              "pass": true,
              "fail": false,
              "pending": false,
              "context": null,
              "code": "cy.authenticate().then(response => {\n  reser.createReserRequest();\n  reser.deleteReserRequest(Cypress.env().lastID);\n  reser.performLogout();\n});",
              "err": {},
              "uuid": "f6bd2929-0f91-4b88-90f8-5e1dea67702a",
              "parentUUID": "da7d8e13-1c19-4fdc-a47f-ec5d82d57309",
              "isHook": false,
              "skipped": false
            }
          ],
          "suites": [],
          "passes": [
            "5aab7d01-d966-48be-8ae7-c17249649414",
            "b089ea09-adbc-4533-ab0e-53290e9dd296",
            "6af936ee-ad9a-4cd2-a90c-df8f8cb5a347",
            "7acc6e50-7523-4dc7-ac76-a3b526c751bb",
            "867f24cd-16b6-4db5-bdcf-2f16fb998ddb",
            "f6bd2929-0f91-4b88-90f8-5e1dea67702a"
          ],
          "failures": [],
          "pending": [],
          "skipped": [],
          "duration": 4466,
          "root": false,
          "rootEmpty": false,
          "_timeout": 2000
        }
      ],
      "passes": [],
      "failures": [],
      "pending": [],
      "skipped": [],
      "duration": 0,
      "root": true,
      "rootEmpty": true,
      "_timeout": 2000
    },
    {
      "uuid": "8c308510-36ab-433f-82c2-3662ee276f53",
      "title": "",
      "fullFile": "cypress/integration/testcases_using_faker.spec.js",
      "file": "cypress/integration/testcases_using_faker.spec.js",
      "beforeHooks": [],
      "afterHooks": [],
      "tests": [],
      "suites": [
        {
          "uuid": "cea66eda-5e00-4c53-8719-d68f0696ad9a",
          "title": "Test suite",
          "fullFile": "",
          "file": "",
          "beforeHooks": [],
          "afterHooks": [],
          "tests": [
            {
              "title": "Create a new room",
              "fullTitle": "Test suite Create a new room",
              "timedOut": null,
              "duration": 722,
              "state": "passed",
              "speed": "slow",
              "pass": true,
              "fail": false,
              "pending": false,
              "context": null,
              "code": "cy.authenticate().then(response => {\n  room.createRoomRequest();\n  room.performLogout();\n});",
              "err": {},
              "uuid": "2e89f1ca-a8c3-49bf-b776-258c4a53dee3",
              "parentUUID": "cea66eda-5e00-4c53-8719-d68f0696ad9a",
              "isHook": false,
              "skipped": false
            },
            {
              "title": "Edit a room",
              "fullTitle": "Test suite Edit a room",
              "timedOut": null,
              "duration": 648,
              "state": "passed",
              "speed": "slow",
              "pass": true,
              "fail": false,
              "pending": false,
              "context": null,
              "code": "cy.authenticate().then(response => {\n  room.editRoomRequest(Cypress.env().lastID);\n  room.performLogout();\n});",
              "err": {},
              "uuid": "b0bc5d20-9297-4ca8-a3d9-4df165316867",
              "parentUUID": "cea66eda-5e00-4c53-8719-d68f0696ad9a",
              "isHook": false,
              "skipped": false
            },
            {
              "title": "Delete a room",
              "fullTitle": "Test suite Delete a room",
              "timedOut": null,
              "duration": 623,
              "state": "passed",
              "speed": "slow",
              "pass": true,
              "fail": false,
              "pending": false,
              "context": null,
              "code": "cy.authenticate().then(response => {\n  room.createRoomRequest();\n  room.deleteRoomRequest(Cypress.env().lastID);\n  room.performLogout();\n});",
              "err": {},
              "uuid": "941b77f1-f221-481c-bb0d-a34bd47c760a",
              "parentUUID": "cea66eda-5e00-4c53-8719-d68f0696ad9a",
              "isHook": false,
              "skipped": false
            }
          ],
          "suites": [],
          "passes": [
            "2e89f1ca-a8c3-49bf-b776-258c4a53dee3",
            "b0bc5d20-9297-4ca8-a3d9-4df165316867",
            "941b77f1-f221-481c-bb0d-a34bd47c760a"
          ],
          "failures": [],
          "pending": [],
          "skipped": [],
          "duration": 1993,
          "root": false,
          "rootEmpty": false,
          "_timeout": 2000
        }
      ],
      "passes": [],
      "failures": [],
      "pending": [],
      "skipped": [],
      "duration": 0,
      "root": true,
      "rootEmpty": true,
      "_timeout": 2000
    }
  ],
  "meta": {
    "mocha": {
      "version": "7.0.1"
    },
    "mochawesome": {
      "options": {
        "quiet": false,
        "reportFilename": "mochawesome",
        "saveHtml": false,
        "saveJson": true,
        "consoleReporter": "spec",
        "useInlineDiffs": false,
        "code": true
      },
      "version": "6.2.2"
    },
    "marge": {
      "options": {
        "charts": true,
        "overwrite": false,
        "html": false,
        "json": true,
        "reportDir": "cypress/report/mochawesome-report"
      },
      "version": "5.2.0"
    }
  }
}