{
  "stats": {
    "suites": 1,
    "tests": 7,
    "passes": 7,
    "pending": 0,
    "failures": 0,
    "start": "2021-05-27T10:05:53.467Z",
    "end": "2021-05-27T10:05:54.958Z",
    "duration": 1491,
    "testsRegistered": 7,
    "passPercent": 100,
    "pendingPercent": 0,
    "other": 0,
    "hasOther": false,
    "skipped": 0,
    "hasSkipped": false
  },
  "results": [
    {
      "uuid": "b43e7d4e-d04a-4887-82d5-41994fcd49c7",
      "title": "",
      "fullFile": "cypress/integration/testCasesTesterHotel.spec.js",
      "file": "cypress/integration/testCasesTesterHotel.spec.js",
      "beforeHooks": [],
      "afterHooks": [],
      "tests": [],
      "suites": [
        {
          "uuid": "755c033d-dc9f-44ec-9595-ce4b1aa68be9",
          "title": "Example cy.request",
          "fullFile": "",
          "file": "",
          "beforeHooks": [],
          "afterHooks": [],
          "tests": [
            {
              "title": "Request to /api/login",
              "fullTitle": "Example cy.request Request to /api/login",
              "timedOut": null,
              "duration": 612,
              "state": "passed",
              "speed": "slow",
              "pass": true,
              "fail": false,
              "pending": false,
              "context": null,
              "code": "cy.authenticate();",
              "err": {},
              "uuid": "2f74efda-5e72-4855-a6f6-8556d0f3e8f4",
              "parentUUID": "755c033d-dc9f-44ec-9595-ce4b1aa68be9",
              "isHook": false,
              "skipped": false
            },
            {
              "title": "GET Request for rooms list api/rooms",
              "fullTitle": "Example cy.request GET Request for rooms list api/rooms",
              "timedOut": null,
              "duration": 40,
              "state": "passed",
              "speed": "medium",
              "pass": true,
              "fail": false,
              "pending": false,
              "context": null,
              "code": "cy.request({\n  method: 'GET',\n  url: 'http://localhost:3000/api/rooms',\n  headers: {\n    'x-user-Auth': JSON.stringify(Cypress.env().loginToken),\n    'Content-Type': 'application/json'\n  }\n}).then(response => {\n  expect(response.status).to.eq(200);\n  cy.log(JSON.stringify(response.body));\n});",
              "err": {},
              "uuid": "a557a5b4-b37e-422a-ac98-e07a8810bea1",
              "parentUUID": "755c033d-dc9f-44ec-9595-ce4b1aa68be9",
              "isHook": false,
              "skipped": false
            },
            {
              "title": "GET Request room  by roomId api/room/roomId",
              "fullTitle": "Example cy.request GET Request room  by roomId api/room/roomId",
              "timedOut": null,
              "duration": 28,
              "state": "passed",
              "speed": "fast",
              "pass": true,
              "fail": false,
              "pending": false,
              "context": null,
              "code": "cy.request({\n  method: 'GET',\n  url: 'http://localhost:3000/api/room/1',\n  headers: {\n    'x-user-Auth': JSON.stringify(Cypress.env().loginToken),\n    'Content-Type': 'application/json'\n  }\n}).then(response => {\n  expect(response.status).to.eq(200);\n  cy.log(JSON.stringify(response.body));\n});",
              "err": {},
              "uuid": "14b467d8-e025-4b64-b545-221de7a199bf",
              "parentUUID": "755c033d-dc9f-44ec-9595-ce4b1aa68be9",
              "isHook": false,
              "skipped": false
            },
            {
              "title": "POST Request to Create New Room api/room/new",
              "fullTitle": "Example cy.request POST Request to Create New Room api/room/new",
              "timedOut": null,
              "duration": 77,
              "state": "passed",
              "speed": "slow",
              "pass": true,
              "fail": false,
              "pending": false,
              "context": null,
              "code": "cy.request({\n  method: 'POST',\n  url: 'http://localhost:3000/api/room/new',\n  headers: {\n    'x-user-Auth': JSON.stringify(Cypress.env().loginToken),\n    'Content-Type': 'application/json'\n  },\n  body: {\n    \"category\": \"single\",\n    \"floor\": 5,\n    \"number\": 506,\n    \"available\": true,\n    \"price\": 200,\n    \"features\": [\"balcony\"]\n  }\n}).then(response => {\n  expect(response.status).to.eq(200);\n  cy.log(JSON.stringify(response.body));\n  Cypress.env({\n    newRoomId: response.body.id\n  });\n});",
              "err": {},
              "uuid": "bbae4db3-cba5-46ba-8e7d-51e921e78807",
              "parentUUID": "755c033d-dc9f-44ec-9595-ce4b1aa68be9",
              "isHook": false,
              "skipped": false
            },
            {
              "title": "PUT Request to edit room details by room id api/room/id",
              "fullTitle": "Example cy.request PUT Request to edit room details by room id api/room/id",
              "timedOut": null,
              "duration": 40,
              "state": "passed",
              "speed": "medium",
              "pass": true,
              "fail": false,
              "pending": false,
              "context": null,
              "code": "const newRoomId = Cypress.env().newRoomId;\ncy.log(\"Edit#######\" + newRoomId);\ncy.request({\n  method: 'PUT',\n  url: 'http://localhost:3000/api/room/' + newRoomId,\n  headers: {\n    'x-user-Auth': JSON.stringify(Cypress.env().loginToken),\n    'Content-Type': 'application/json'\n  },\n  body: {\n    \"floor\": 6,\n    \"number\": 603,\n    \"price\": 2550\n  }\n}).then(response => {\n  expect(response.status).to.eq(200);\n  cy.log(JSON.stringify(response.body));\n});",
              "err": {},
              "uuid": "ec8e76b4-889f-45c2-9dfe-510d007b7e6f",
              "parentUUID": "755c033d-dc9f-44ec-9595-ce4b1aa68be9",
              "isHook": false,
              "skipped": false
            },
            {
              "title": "DELETE Request to delete room by room id api/room/roomid",
              "fullTitle": "Example cy.request DELETE Request to delete room by room id api/room/roomid",
              "timedOut": null,
              "duration": 40,
              "state": "passed",
              "speed": "medium",
              "pass": true,
              "fail": false,
              "pending": false,
              "context": null,
              "code": "const newRoomId = Cypress.env().newRoomId;\ncy.log(\"Delete#######\" + newRoomId);\ncy.request({\n  method: 'DELETE',\n  url: 'http://localhost:3000/api/room/' + newRoomId,\n  headers: {\n    'x-user-Auth': JSON.stringify(Cypress.env().loginToken),\n    'Content-Type': 'application/json'\n  }\n}).then(response => {\n  expect(response.status).to.eq(200);\n  cy.log(JSON.stringify(response.body));\n});",
              "err": {},
              "uuid": "9c4b9bc2-a25a-48be-8a21-101d655bc617",
              "parentUUID": "755c033d-dc9f-44ec-9595-ce4b1aa68be9",
              "isHook": false,
              "skipped": false
            },
            {
              "title": "Request to /api/logout",
              "fullTitle": "Example cy.request Request to /api/logout",
              "timedOut": null,
              "duration": 562,
              "state": "passed",
              "speed": "slow",
              "pass": true,
              "fail": false,
              "pending": false,
              "context": null,
              "code": "cy.authenticate();",
              "err": {},
              "uuid": "a7e6e99a-fd86-4a15-b55f-09bd70dfb0d8",
              "parentUUID": "755c033d-dc9f-44ec-9595-ce4b1aa68be9",
              "isHook": false,
              "skipped": false
            }
          ],
          "suites": [],
          "passes": [
            "2f74efda-5e72-4855-a6f6-8556d0f3e8f4",
            "a557a5b4-b37e-422a-ac98-e07a8810bea1",
            "14b467d8-e025-4b64-b545-221de7a199bf",
            "bbae4db3-cba5-46ba-8e7d-51e921e78807",
            "ec8e76b4-889f-45c2-9dfe-510d007b7e6f",
            "9c4b9bc2-a25a-48be-8a21-101d655bc617",
            "a7e6e99a-fd86-4a15-b55f-09bd70dfb0d8"
          ],
          "failures": [],
          "pending": [],
          "skipped": [],
          "duration": 1399,
          "root": false,
          "rootEmpty": false,
          "_timeout": 2000
        }
      ],
      "passes": [],
      "failures": [],
      "pending": [],
      "skipped": [],
      "duration": 0,
      "root": true,
      "rootEmpty": true,
      "_timeout": 2000
    }
  ],
  "meta": {
    "mocha": {
      "version": "7.0.1"
    },
    "mochawesome": {
      "options": {
        "quiet": false,
        "reportFilename": "mochawesome",
        "saveHtml": true,
        "saveJson": true,
        "consoleReporter": "spec",
        "useInlineDiffs": false,
        "code": true
      },
      "version": "6.2.2"
    },
    "marge": {
      "options": null,
      "version": "5.2.0"
    }
  }
}